Android/MapasEjer/app/build/intermediates/manifest_merge_blame_file/debug/manifest-merger-blame-debug-report.txt
1<?xml version="1.0" encoding="utf-8"?>
2<manifest xmlns:android="http://schemas.android.com/apk/res/android"
3    package="com.example.sergi.mapasejer"
4    android:versionCode="1"
5    android:versionName="1.0" >
6
7    <uses-sdk
8        android:minSdkVersion="21"
8-->src\main\AndroidManifest.xml
9        android:targetSdkVersion="28" />
9-->src\main\AndroidManifest.xml
10    <!--
11    The ACCESS_COARSE/FINE_LOCATION permissions are not required to use
12    Google Maps Android API v2, but you must specify either coarse or fine
13    location permissions for the 'MyLocation' functionality.
14    -->
15    <uses-permission android:name="android.permission.ACCESS_COARSE_LOCATION" />
15-->src\main\AndroidManifest.xml:10:5-81
15-->src\main\AndroidManifest.xml:10:22-78
16    <!-- Include required permissions for Google Maps API to run. -->
17    <uses-permission android:name="android.permission.ACCESS_NETWORK_STATE" />
17-->[com.google.android.gms:play-services-maps:16.0.0] AndroidManifest.xml:23:5-79
17-->[com.google.android.gms:play-services-maps:16.0.0] AndroidManifest.xml:23:22-76
18    <uses-permission android:name="android.permission.INTERNET" />
18-->[com.google.android.gms:play-services-maps:16.0.0] AndroidManifest.xml:24:5-67
18-->[com.google.android.gms:play-services-maps:16.0.0] AndroidManifest.xml:24:22-64
19
20    <uses-feature
20-->[com.google.android.gms:play-services-maps:16.0.0] AndroidManifest.xml:26:5-28:35
21        android:glEsVersion="0x00020000"
21-->[com.google.android.gms:play-services-maps:16.0.0] AndroidManifest.xml:27:9-41
22        android:required="true" />
22-->[com.google.android.gms:play-services-maps:16.0.0] AndroidManifest.xml:28:9-32
23
24    <application
24-->src\main\AndroidManifest.xml:11:5-37:19
25        android:allowBackup="true"
25-->src\main\AndroidManifest.xml:13:9-35
26        android:appComponentFactory="android.support.v4.app.CoreComponentFactory"
26-->[com.android.support:support-compat:28.0.0] AndroidManifest.xml:22:18-91
27        android:debuggable="true"
28        android:fullBackupContent="false"
28-->src\main\AndroidManifest.xml:12:9-42
29        android:icon="@mipmap/ic_launcher"
29-->src\main\AndroidManifest.xml:14:9-43
30        android:label="@string/app_name"
30-->src\main\AndroidManifest.xml:15:9-41
31        android:supportsRtl="true"
31-->src\main\AndroidManifest.xml:16:9-35
32        android:testOnly="true"
33        android:theme="@style/AppTheme" >
33-->src\main\AndroidManifest.xml:17:9-40
34
35        <!--
36        The API key for Google Maps-based APIs is defined as a string resource.
37        (See the file "res/values/google_maps_api.xml").
38        Note that the API key is linked to the encryption key used to sign the APK.
39        You need a different API key for each encryption key, including the release key that is used to
40        sign the APK for publishing.
41        You can define the keys for the debug and release targets in src/debug/ and src/release/.
42        -->
43        <meta-data
43-->src\main\AndroidManifest.xml:26:9-28:55
44            android:name="com.google.android.geo.API_KEY"
44-->src\main\AndroidManifest.xml:27:13-58
45            android:value="@string/google_maps_key" />
45-->src\main\AndroidManifest.xml:28:13-52
46
47        <activity
47-->src\main\AndroidManifest.xml:29:9-36:20
48            android:name="com.example.sergi.mapasejer.MapsActivity"
48-->src\main\AndroidManifest.xml:30:13-68
49            android:label="@string/title_activity_maps" >
49-->src\main\AndroidManifest.xml:31:13-56
50            <intent-filter>
50-->src\main\AndroidManifest.xml:32:13-35:29
51                <action android:name="android.intent.action.MAIN" />
51-->src\main\AndroidManifest.xml:33:17-69
51-->src\main\AndroidManifest.xml:33:25-66
52
53                <category android:name="android.intent.category.LAUNCHER" />
53-->src\main\AndroidManifest.xml:34:17-77
53-->src\main\AndroidManifest.xml:34:27-74
54            </intent-filter>
55        </activity>
56        <activity
56-->[com.google.android.gms:play-services-base:16.0.1] AndroidManifest.xml:23:9-26:75
57            android:name="com.google.android.gms.common.api.GoogleApiActivity"
57-->[com.google.android.gms:play-services-base:16.0.1] AndroidManifest.xml:24:13-79
58            android:exported="false"
58-->[com.google.android.gms:play-services-base:16.0.1] AndroidManifest.xml:25:13-37
59            android:theme="@android:style/Theme.Translucent.NoTitleBar" />
59-->[com.google.android.gms:play-services-base:16.0.1] AndroidManifest.xml:26:13-72
60
61        <meta-data
61-->[com.google.android.gms:play-services-basement:16.0.1] AndroidManifest.xml:23:9-25:69
62            android:name="com.google.android.gms.version"
62-->[com.google.android.gms:play-services-basement:16.0.1] AndroidManifest.xml:24:13-58
63            android:value="@integer/google_play_services_version" />
63-->[com.google.android.gms:play-services-basement:16.0.1] AndroidManifest.xml:25:13-66
64        <meta-data
64-->[com.android.support:support-v4:26.1.0] AndroidManifest.xml:26:9-28:38
65            android:name="android.support.VERSION"
65-->[com.android.support:support-v4:26.1.0] AndroidManifest.xml:27:13-51
66            android:value="26.1.0" />
66-->[com.android.support:support-v4:26.1.0] AndroidManifest.xml:28:13-35
67    </application>
68
69</manifest>